-------------------------------------------------------------------------------
Test set: net.engineeringdigest.journalApp.service.UserServiceTest
-------------------------------------------------------------------------------
Tests run: 3, Failures: 0, Errors: 2, Skipped: 1, Time elapsed: 0.672 s <<< FAILURE! - in net.engineeringdigest.journalApp.service.UserServiceTest
testSaveNewUser{User}[1]  Time elapsed: 0 s  <<< ERROR!
java.lang.IllegalStateException: Failed to load ApplicationContext
Caused by: java.lang.IllegalStateException: java.lang.IllegalStateException: Could not initialize Logback logging from classpath:logback.xml
Caused by: java.lang.IllegalStateException: Could not initialize Logback logging from classpath:logback.xml
Caused by: ch.qos.logback.core.joran.spi.JoranException: Problem parsing XML document. See previously reported errors.
Caused by: org.xml.sax.SAXParseException: Premature end of file.

testSaveNewUser{User}[2]  Time elapsed: 0 s  <<< ERROR!
java.lang.IllegalStateException: Failed to load ApplicationContext
Caused by: java.lang.IllegalStateException: java.lang.IllegalStateException: Could not initialize Logback logging from classpath:logback.xml
Caused by: java.lang.IllegalStateException: Could not initialize Logback logging from classpath:logback.xml
Caused by: ch.qos.logback.core.joran.spi.JoranException: Problem parsing XML document. See previously reported errors.
Caused by: org.xml.sax.SAXParseException: Premature end of file.

